<?xml version="1.0" encoding="UTF-8"?>
<!-- Generated by org.testng.reporters.JUnitReportReporter -->
<testsuite hostname="PQA-HP-ELITEBOOK" failures="0" tests="1" name="com.daft.pages.SearchPage" time="12.269" errors="0" timestamp="2024-01-22T17:39:05 IST" skipped="0">
  <testcase classname="com.daft.pages.SearchPage" name="searchByKeywordAndVerify" time="12.269"/>
  <system-out>
    <![CDATA[<br>Step 1 : Open url :- https://www.daft.ie/
<br>Step 2 : Enter city in home page search box.
<br>Step 3 : Click on filters tab.
<br>Step 4 : Enter keyword in keyword textbox.
<br>Message : buttonText : SHOW 292 RESULTS
<br>Step 5 : Click on show button.
<br>Step 6 : Click on any searched property.
<br>Step 7 : Verify searched keyword present in property description.
<br>Message : Searched keyword present in property description.
<font color=238E23><strong><i> PASS : searchByKeywordAndVerify</i></strong></font>]]>
  </system-out>
</testsuite> <!-- com.daft.pages.SearchPage -->
